2024-01-15T08:00:49 INFO disk quota exceeded
2024-01-15T08:01:45 INFO disk quota exceeded
2024-01-15T08:02:15 INFO config file missing
2024-01-15T08:03:14 ERROR cache cleared
2024-01-15T08:03:32 INFO connection timeout
2024-01-15T08:04:27 WARN disk quota exceeded
2024-01-15T08:05:03 INFO connection timeout
2024-01-15T08:05:43 ERROR cache cleared
2024-01-15T08:05:49 INFO config file missing
2024-01-15T08:06:38 INFO connection timeout
2024-01-15T08:07:13 INFO user login failed
2024-01-15T08:07:53 WARN connection timeout
2024-01-15T08:07:55 WARN cache cleared
2024-01-15T08:08:48 ERROR disk quota exceeded
2024-01-15T08:09:28 ERROR server started successfully
2024-01-15T08:09:50 INFO low memory warning
2024-01-15T08:10:05 INFO config file missing
2024-01-15T08:10:29 ERROR request processed
2024-01-15T08:10:35 ERROR disk quota exceeded
2024-01-15T08:11:22 INFO disk quota exceeded
2024-01-15T08:12:03 INFO disk quota exceeded
2024-01-15T08:12:13 INFO cache cleared
2024-01-15T08:12:58 ERROR disk quota exceeded
2024-01-15T08:13:36 ERROR connection timeout
2024-01-15T08:13:52 INFO cache cleared
2024-01-15T08:14:04 WARN connection timeout
2024-01-15T08:14:34 ERROR database unreachable
2024-01-15T08:15:25 INFO config file missing
2024-01-15T08:16:08 WARN connection timeout
2024-01-15T08:16:53 INFO user login failed
2024-01-15T08:17:22 INFO config file missing
2024-01-15T08:17:35 ERROR low memory warning
2024-01-15T08:17:58 WARN cache cleared
2024-01-15T08:18:31 INFO database unreachable
2024-01-15T08:18:54 INFO disk quota exceeded
2024-01-15T08:19:01 ERROR disk quota exceeded
2024-01-15T08:19:49 ERROR low memory warning
2024-01-15T08:19:58 INFO low memory warning
2024-01-15T08:20:52 INFO connection timeout
2024-01-15T08:21:05 ERROR disk quota exceeded
2024-01-15T08:21:26 INFO connection timeout
2024-01-15T08:21:50 INFO connection timeout
2024-01-15T08:22:48 ERROR cache cleared
2024-01-15T08:23:10 ERROR disk quota exceeded
2024-01-15T08:23:13 ERROR cache cleared
2024-01-15T08:24:12 ERROR low memory warning
2024-01-15T08:24:37 ERROR disk quota exceeded
2024-01-15T08:25:12 INFO request processed
2024-01-15T08:26:08 ERROR disk quota exceeded
2024-01-15T08:26:24 INFO config file missing
2024-01-15T08:27:08 INFO database unreachable
2024-01-15T08:27:19 INFO request processed
2024-01-15T08:28:13 WARN config file missing
2024-01-15T08:28:54 ERROR connection timeout
2024-01-15T08:29:42 INFO server started successfully
2024-01-15T08:30:19 ERROR server started successfully
2024-01-15T08:30:33 INFO server started successfully
2024-01-15T08:31:00 WARN low memory warning
2024-01-15T08:31:15 INFO connection timeout
2024-01-15T08:31:37 INFO cache cleared
2024-01-15T08:32:24 ERROR low memory warning
2024-01-15T08:33:01 ERROR request processed
2024-01-15T08:33:02 ERROR request processed
2024-01-15T08:33:47 INFO request processed
2024-01-15T08:34:03 ERROR connection timeout
2024-01-15T08:34:28 INFO disk quota exceeded
2024-01-15T08:34:54 ERROR user login failed
2024-01-15T08:34:57 INFO user login failed
2024-01-15T08:35:00 WARN request processed
2024-01-15T08:35:51 INFO server started successfully
2024-01-15T08:36:18 WARN server started successfully
2024-01-15T08:36:45 WARN server started successfully
2024-01-15T08:36:57 INFO server started successfully
2024-01-15T08:37:11 ERROR disk quota exceeded
2024-01-15T08:37:48 ERROR connection timeout
2024-01-15T08:38:06 WARN cache cleared
2024-01-15T08:38:52 WARN server started successfully
2024-01-15T08:39:10 ERROR cache cleared
2024-01-15T08:39:31 ERROR connection timeout
2024-01-15T08:39:46 INFO database unreachable
2024-01-15T08:40:05 WARN connection timeout
2024-01-15T08:40:30 INFO connection timeout
2024-01-15T08:40:50 WARN disk quota exceeded
2024-01-15T08:41:04 ERROR disk quota exceeded
2024-01-15T08:41:55 INFO disk quota exceeded
2024-01-15T08:42:51 ERROR connection timeout
2024-01-15T08:43:15 ERROR disk quota exceeded
2024-01-15T08:44:12 ERROR disk quota exceeded
2024-01-15T08:44:39 INFO connection timeout
2024-01-15T08:45:11 INFO disk quota exceeded
2024-01-15T08:46:07 INFO disk quota exceeded
2024-01-15T08:47:00 INFO request processed
2024-01-15T08:47:39 ERROR server started successfully
2024-01-15T08:48:34 INFO connection timeout
2024-01-15T08:49:14 ERROR connection timeout
2024-01-15T08:49:48 INFO user login failed
2024-01-15T08:50:14 INFO disk quota exceeded
2024-01-15T08:51:04 WARN disk quota exceeded
2024-01-15T08:51:14 ERROR request processed
2024-01-15T08:51:24 WARN server started successfully
2024-01-15T08:51:47 ERROR config file missing
2024-01-15T08:52:40 WARN low memory warning
2024-01-15T08:53:14 WARN cache cleared
2024-01-15T08:53:21 INFO request processed
2024-01-15T08:54:12 INFO server started successfully
2024-01-15T08:54:50 WARN connection timeout
2024-01-15T08:55:02 WARN server started successfully
2024-01-15T08:55:04 INFO server started successfully
2024-01-15T08:55:54 ERROR disk quota exceeded
2024-01-15T08:56:46 INFO config file missing
2024-01-15T08:57:42 INFO server started successfully
2024-01-15T08:58:16 INFO low memory warning
2024-01-15T08:58:28 ERROR cache cleared
2024-01-15T08:58:50 INFO user login failed
2024-01-15T08:58:51 ERROR cache cleared
2024-01-15T08:59:35 ERROR config file missing
2024-01-15T09:00:26 INFO server started successfully
2024-01-15T09:00:39 WARN server started successfully
2024-01-15T09:00:58 INFO disk quota exceeded
2024-01-15T09:01:36 WARN connection timeout
2024-01-15T09:01:49 INFO database unreachable
2024-01-15T09:01:53 INFO low memory warning
2024-01-15T09:02:40 WARN cache cleared
2024-01-15T09:03:02 INFO connection timeout
2024-01-15T09:03:47 INFO connection timeout
2024-01-15T09:04:11 INFO connection timeout
2024-01-15T09:04:57 INFO low memory warning
2024-01-15T09:05:00 ERROR database unreachable
2024-01-15T09:05:22 ERROR low memory warning
2024-01-15T09:06:22 INFO disk quota exceeded
2024-01-15T09:07:19 INFO disk quota exceeded
2024-01-15T09:07:20 INFO database unreachable
2024-01-15T09:07:39 WARN low memory warning
2024-01-15T09:08:34 INFO disk quota exceeded
2024-01-15T09:08:36 INFO connection timeout
2024-01-15T09:09:08 WARN disk quota exceeded
2024-01-15T09:09:44 INFO disk quota exceeded
2024-01-15T09:10:30 ERROR disk quota exceeded
2024-01-15T09:10:48 INFO disk quota exceeded
2024-01-15T09:11:00 WARN request processed
2024-01-15T09:11:05 WARN config file missing
2024-01-15T09:11:25 ERROR disk quota exceeded
2024-01-15T09:12:09 ERROR database unreachable
2024-01-15T09:12:53 INFO server started successfully
2024-01-15T09:13:45 INFO database unreachable
2024-01-15T09:14:34 INFO connection timeout
2024-01-15T09:15:04 ERROR server started successfully
2024-01-15T09:15:05 INFO disk quota exceeded
2024-01-15T09:15:16 ERROR disk quota exceeded
2024-01-15T09:15:25 INFO cache cleared
2024-01-15T09:16:00 INFO user login failed
2024-01-15T09:16:17 WARN disk quota exceeded
2024-01-15T09:16:56 ERROR user login failed
2024-01-15T09:17:26 INFO request processed
2024-01-15T09:17:56 ERROR connection timeout
2024-01-15T09:18:01 INFO request processed
2024-01-15T09:18:59 WARN connection timeout
2024-01-15T09:19:01 WARN disk quota exceeded
2024-01-15T09:19:23 INFO database unreachable
2024-01-15T09:19:52 INFO request processed
2024-01-15T09:20:36 INFO disk quota exceeded
2024-01-15T09:20:44 INFO connection timeout
2024-01-15T09:20:49 INFO cache cleared
2024-01-15T09:21:41 ERROR database unreachable
2024-01-15T09:22:31 INFO server started successfully
2024-01-15T09:23:04 INFO server started successfully
2024-01-15T09:24:01 INFO cache cleared
2024-01-15T09:24:59 WARN cache cleared
2024-01-15T09:25:50 INFO server started successfully
2024-01-15T09:26:25 WARN database unreachable
2024-01-15T09:27:03 INFO cache cleared
2024-01-15T09:27:35 INFO user login failed
2024-01-15T09:28:02 INFO disk quota exceeded
2024-01-15T09:28:13 ERROR user login failed
2024-01-15T09:29:00 INFO low memory warning
2024-01-15T09:29:46 ERROR disk quota exceeded
2024-01-15T09:30:17 INFO config file missing
2024-01-15T09:30:34 INFO request processed
2024-01-15T09:31:10 INFO request processed
2024-01-15T09:31:50 INFO disk quota exceeded
2024-01-15T09:32:46 ERROR disk quota exceeded
2024-01-15T09:32:47 INFO disk quota exceeded
2024-01-15T09:33:01 INFO server started successfully
2024-01-15T09:33:16 ERROR disk quota exceeded
2024-01-15T09:34:01 WARN disk quota exceeded
2024-01-15T09:34:02 INFO server started successfully
2024-01-15T09:35:00 ERROR request processed
2024-01-15T09:35:25 INFO config file missing
2024-01-15T09:36:13 ERROR disk quota exceeded
2024-01-15T09:36:14 INFO config file missing
2024-01-15T09:36:34 INFO server started successfully
2024-01-15T09:37:24 ERROR low memory warning
2024-01-15T09:38:24 INFO low memory warning
2024-01-15T09:38:45 INFO disk quota exceeded
2024-01-15T09:39:40 INFO low memory warning
2024-01-15T09:39:47 INFO server started successfully
2024-01-15T09:40:27 INFO disk quota exceeded
2024-01-15T09:41:01 ERROR request processed
2024-01-15T09:41:54 WARN disk quota exceeded
2024-01-15T09:42:01 WARN user login failed
